<?xml version="1.0" encoding="UTF-8"?>
<testng-results ignored="0" total="1" passed="1" failed="0" skipped="0">
  <reporter-output>
  </reporter-output>
  <suite started-at="2024-02-06T15:38:18 GMT" name="Default suite" finished-at="2024-02-06T15:38:33 GMT" duration-ms="15074">
    <groups>
      <group name="cucumber">
        <method signature="AbstractTestNGCucumberTests.runScenario(io.cucumber.testng.PickleWrapper,io.cucumber.testng.FeatureWrapper)[pri:0, instance:testRunner.test@12f9af83]" name="runScenario" class="io.cucumber.testng.AbstractTestNGCucumberTests"/>
      </group> <!-- cucumber -->
    </groups>
    <test started-at="2024-02-06T15:38:18 GMT" name="Default test" finished-at="2024-02-06T15:38:33 GMT" duration-ms="15074">
      <class name="testRunner.test">
        <test-method is-config="true" signature="setUpClass(org.testng.ITestContext)[pri:0, instance:testRunner.test@12f9af83]" started-at="2024-02-06T15:38:18 GMT" name="setUpClass" finished-at="2024-02-06T15:38:18 GMT" duration-ms="286" status="PASS">
          <params>
            <param index="0">
              <value>
                <![CDATA[org.testng.TestRunner@12d2ddde]]>
              </value>
            </param>
          </params>
          <reporter-output>
          </reporter-output>
        </test-method> <!-- setUpClass -->
        <test-method signature="runScenario(io.cucumber.testng.PickleWrapper,io.cucumber.testng.FeatureWrapper)[pri:0, instance:testRunner.test@12f9af83]" started-at="2024-02-06T15:38:18 GMT" name="runScenario" description="Runs Cucumber Scenarios" data-provider="scenarios" finished-at="2024-02-06T15:38:33 GMT" duration-ms="14536" status="PASS">
          <params>
            <param index="0">
              <value>
                <![CDATA["Order Blue Jeans"]]>
              </value>
            </param>
            <param index="1">
              <value>
                <![CDATA["Title of your feature"]]>
              </value>
            </param>
          </params>
          <reporter-output>
          </reporter-output>
        </test-method> <!-- runScenario -->
        <test-method is-config="true" signature="tearDownClass()[pri:0, instance:testRunner.test@12f9af83]" started-at="2024-02-06T15:38:33 GMT" name="tearDownClass" finished-at="2024-02-06T15:38:33 GMT" duration-ms="6" status="PASS">
          <reporter-output>
          </reporter-output>
        </test-method> <!-- tearDownClass -->
      </class> <!-- testRunner.test -->
    </test> <!-- Default test -->
  </suite> <!-- Default suite -->
</testng-results>
